#
# There is insufficient memory for the Java Runtime Environment to continue.
# Native memory allocation (malloc) failed to allocate 671536 bytes. Error detail: Chunk::new
# Possible reasons:
#   The system is out of physical RAM or swap space
#   This process is running with CompressedOops enabled, and the Java Heap may be blocking the growth of the native heap
# Possible solutions:
#   Reduce memory load on the system
#   Increase physical memory or swap space
#   Check if swap backing store is full
#   Decrease Java heap size (-Xmx/-Xms)
#   Decrease number of Java threads
#   Decrease Java thread stack sizes (-Xss)
#   Set larger code cache with -XX:ReservedCodeCacheSize=
#   JVM is running with Unscaled Compressed Oops mode in which the Java heap is
#     placed in the first 4GB address space. The Java Heap base address is the
#     maximum limit for the native heap growth. Please use -XX:HeapBaseMinAddress
#     to set the Java Heap base and to place the Java Heap above 4GB virtual address.
# This output file may be truncated or incomplete.
#
#  Out of Memory Error (arena.cpp:191), pid=47476, tid=66012
#
# JRE version: OpenJDK Runtime Environment Corretto-17.0.13.11.1 (17.0.13+11) (build 17.0.13+11-LTS)
# Java VM: OpenJDK 64-Bit Server VM Corretto-17.0.13.11.1 (17.0.13+11-LTS, mixed mode, sharing, tiered, compressed oops, compressed class ptrs, g1 gc, windows-amd64)
# No core dump will be written. Minidumps are not enabled by default on client versions of Windows
#

---------------  S U M M A R Y ------------

Command Line: --enable-native-access=ALL-UNNAMED -Dclassworlds.conf=C:\ProgramData\chocolatey\lib\maven\apache-maven-3.9.11\bin\m2.conf -Dmaven.home=C:\ProgramData\chocolatey\lib\maven\apache-maven-3.9.11 -Dlibrary.jansi.path=C:\ProgramData\chocolatey\lib\maven\apache-maven-3.9.11\lib\jansi-native -Dmaven.multiModuleProjectDirectory=D:\Bel\projets\predykt-backend-java org.codehaus.plexus.classworlds.launcher.Launcher clean install

Host: Intel(R) Core(TM) i7-6600U CPU @ 2.60GHz, 4 cores, 7G,  Windows 10 , 64 bit Build 19041 (10.0.19041.5915)
Time: Mon Nov 17 13:57:33 2025 Afr. centrale Ouest elapsed time: 4.997826 seconds (0d 0h 0m 4s)

---------------  T H R E A D  ---------------

Current thread (0x000002017f61e870):  JavaThread "C2 CompilerThread0" daemon [_thread_in_native, id=66012, stack(0x0000002641a00000,0x0000002641b00000)]


Current CompileTask:
C2:   4998 2534   !   4       java.net.URL::<init> (543 bytes)

Stack: [0x0000002641a00000,0x0000002641b00000]
Native frames: (J=compiled Java code, j=interpreted, Vv=VM code, C=native code)
V  [jvm.dll+0x680c19]
V  [jvm.dll+0x83888a]
V  [jvm.dll+0x83a34e]
V  [jvm.dll+0x83a9b3]
V  [jvm.dll+0x2481af]
V  [jvm.dll+0xac9f4]
V  [jvm.dll+0xad03c]
V  [jvm.dll+0x367762]
V  [jvm.dll+0x331b9a]
V  [jvm.dll+0x33103a]
V  [jvm.dll+0x21a701]
V  [jvm.dll+0x219b41]
V  [jvm.dll+0x1a58ed]
V  [jvm.dll+0x22988d]
V  [jvm.dll+0x227a1c]
V  [jvm.dll+0x7ed737]
V  [jvm.dll+0x7e7b2c]
V  [jvm.dll+0x67fae7]
C  [ucrtbase.dll+0x21bb2]
C  [KERNEL32.DLL+0x17374]
C  [ntdll.dll+0x4cc91]


---------------  P R O C E S S  ---------------

Threads class SMR info:
_java_thread_list=0x000002014c28acb0, length=13, elements={
0x0000020167a51070, 0x000002017f5ffb40, 0x000002017f6008d0, 0x000002017f617880,
0x000002017f61c280, 0x000002017f61d2f0, 0x000002017f61dbc0, 0x000002017f61e870,
0x000002017f623670, 0x000002017f6396a0, 0x000002014b1f2660, 0x000002014b200810,
0x000002014bce5db0
}

Java Threads: ( => current thread )
  0x0000020167a51070 JavaThread "main" [_thread_in_native, id=60376, stack(0x0000002640c00000,0x0000002640d00000)]
  0x000002017f5ffb40 JavaThread "Reference Handler" daemon [_thread_blocked, id=65312, stack(0x0000002641400000,0x0000002641500000)]
  0x000002017f6008d0 JavaThread "Finalizer" daemon [_thread_blocked, id=62440, stack(0x0000002641500000,0x0000002641600000)]
  0x000002017f617880 JavaThread "Signal Dispatcher" daemon [_thread_blocked, id=69100, stack(0x0000002641600000,0x0000002641700000)]
  0x000002017f61c280 JavaThread "Attach Listener" daemon [_thread_blocked, id=66904, stack(0x0000002641700000,0x0000002641800000)]
  0x000002017f61d2f0 JavaThread "Service Thread" daemon [_thread_blocked, id=66900, stack(0x0000002641800000,0x0000002641900000)]
  0x000002017f61dbc0 JavaThread "Monitor Deflation Thread" daemon [_thread_blocked, id=69280, stack(0x0000002641900000,0x0000002641a00000)]
=>0x000002017f61e870 JavaThread "C2 CompilerThread0" daemon [_thread_in_native, id=66012, stack(0x0000002641a00000,0x0000002641b00000)]
  0x000002017f623670 JavaThread "C1 CompilerThread0" daemon [_thread_blocked, id=63100, stack(0x0000002641b00000,0x0000002641c00000)]
  0x000002017f6396a0 JavaThread "Sweeper thread" daemon [_thread_blocked, id=66032, stack(0x0000002641c00000,0x0000002641d00000)]
  0x000002014b1f2660 JavaThread "Notification Thread" daemon [_thread_blocked, id=67400, stack(0x0000002641d00000,0x0000002641e00000)]
  0x000002014b200810 JavaThread "Common-Cleaner" daemon [_thread_blocked, id=68376, stack(0x0000002641f00000,0x0000002642000000)]
  0x000002014bce5db0 JavaThread "Thread-1" daemon [_thread_blocked, id=69140, stack(0x0000002642300000,0x0000002642400000)]

Other Threads:
  0x000002017f5f9530 VMThread "VM Thread" [stack: 0x0000002641300000,0x0000002641400000] [id=68840]
  0x000002014b1f8b60 WatcherThread [stack: 0x0000002641e00000,0x0000002641f00000] [id=66492]
  0x0000020167aa9120 GCTaskThread "GC Thread#0" [stack: 0x0000002640e00000,0x0000002640f00000] [id=64520]
  0x000002014bd2c470 GCTaskThread "GC Thread#1" [stack: 0x0000002642000000,0x0000002642100000] [id=69192]
  0x000002014bd2c730 GCTaskThread "GC Thread#2" [stack: 0x0000002642100000,0x0000002642200000] [id=67372]
  0x000002014be05b70 GCTaskThread "GC Thread#3" [stack: 0x0000002642200000,0x0000002642300000] [id=67192]
  0x0000020167ab9b40 ConcurrentGCThread "G1 Main Marker" [stack: 0x0000002640f00000,0x0000002641000000] [id=55404]
  0x0000020167aba470 ConcurrentGCThread "G1 Conc#0" [stack: 0x0000002641000000,0x0000002641100000] [id=45712]
  0x0000020167b0d140 ConcurrentGCThread "G1 Refine#0" [stack: 0x0000002641100000,0x0000002641200000] [id=66808]
  0x0000020167b0da80 ConcurrentGCThread "G1 Service" [stack: 0x0000002641200000,0x0000002641300000] [id=59796]

Threads with active compile tasks:
C2 CompilerThread0     5046 2534   !   4       java.net.URL::<init> (543 bytes)

VM state: not at safepoint (normal execution)

VM Mutex/Monitor currently owned by a thread: None

Heap address: 0x0000000082200000, size: 2014 MB, Compressed Oops mode: 32-bit

CDS archive(s) mapped at: [0x0000020106000000-0x0000020106bb0000-0x0000020106bb0000), size 12255232, SharedBaseAddress: 0x0000020106000000, ArchiveRelocationMode: 1.
Compressed class space mapped at: 0x0000020107000000-0x0000020147000000, reserved size: 1073741824
Narrow klass base: 0x0000020106000000, Narrow klass shift: 0, Narrow klass range: 0x100000000

GC Precious Log:
 CPUs: 4 total, 4 available
 Memory: 8049M
 Large Page Support: Disabled
 NUMA Support: Disabled
 Compressed Oops: Enabled (32-bit)
 Heap Region Size: 1M
 Heap Min Capacity: 8M
 Heap Initial Capacity: 126M
 Heap Max Capacity: 2014M
 Pre-touch: Disabled
 Parallel Workers: 4
 Concurrent Workers: 1
 Concurrent Refinement Workers: 4
 Periodic GC: Disabled

Heap:
 garbage-first heap   total 129024K, used 26579K [0x0000000082200000, 0x0000000100000000)
  region size 1024K, 24 young (24576K), 2 survivors (2048K)
 Metaspace       used 13819K, committed 14016K, reserved 1114112K
  class space    used 1697K, committed 1792K, reserved 1048576K

Heap Regions: E=young(eden), S=young(survivor), O=old, HS=humongous(starts), HC=humongous(continues), CS=collection set, F=free, OA=open archive, CA=closed archive, TAMS=top-at-mark-start (previous, next)
|   0|0x0000000082200000, 0x0000000082300000, 0x0000000082300000|100%| O|  |TAMS 0x0000000082200000, 0x0000000082200000| Untracked 
|   1|0x0000000082300000, 0x0000000082400000, 0x0000000082400000|100%| O|  |TAMS 0x0000000082300000, 0x0000000082300000| Untracked 
|   2|0x0000000082400000, 0x0000000082500000, 0x0000000082500000|100%| O|  |TAMS 0x0000000082400000, 0x0000000082400000| Untracked 
|   3|0x0000000082500000, 0x0000000082523e00, 0x0000000082600000| 14%| O|  |TAMS 0x0000000082500000, 0x0000000082500000| Untracked 
|   4|0x0000000082600000, 0x0000000082600000, 0x0000000082700000|  0%| F|  |TAMS 0x0000000082600000, 0x0000000082600000| Untracked 
|   5|0x0000000082700000, 0x0000000082700000, 0x0000000082800000|  0%| F|  |TAMS 0x0000000082700000, 0x0000000082700000| Untracked 
|   6|0x0000000082800000, 0x0000000082800000, 0x0000000082900000|  0%| F|  |TAMS 0x0000000082800000, 0x0000000082800000| Untracked 
|   7|0x0000000082900000, 0x0000000082900000, 0x0000000082a00000|  0%| F|  |TAMS 0x0000000082900000, 0x0000000082900000| Untracked 
|   8|0x0000000082a00000, 0x0000000082a00000, 0x0000000082b00000|  0%| F|  |TAMS 0x0000000082a00000, 0x0000000082a00000| Untracked 
|   9|0x0000000082b00000, 0x0000000082b00000, 0x0000000082c00000|  0%| F|  |TAMS 0x0000000082b00000, 0x0000000082b00000| Untracked 
|  10|0x0000000082c00000, 0x0000000082c00000, 0x0000000082d00000|  0%| F|  |TAMS 0x0000000082c00000, 0x0000000082c00000| Untracked 
|  11|0x0000000082d00000, 0x0000000082d00000, 0x0000000082e00000|  0%| F|  |TAMS 0x0000000082d00000, 0x0000000082d00000| Untracked 
|  12|0x0000000082e00000, 0x0000000082e00000, 0x0000000082f00000|  0%| F|  |TAMS 0x0000000082e00000, 0x0000000082e00000| Untracked 
|  13|0x0000000082f00000, 0x0000000082f00000, 0x0000000083000000|  0%| F|  |TAMS 0x0000000082f00000, 0x0000000082f00000| Untracked 
|  14|0x0000000083000000, 0x0000000083000000, 0x0000000083100000|  0%| F|  |TAMS 0x0000000083000000, 0x0000000083000000| Untracked 
|  15|0x0000000083100000, 0x0000000083100000, 0x0000000083200000|  0%| F|  |TAMS 0x0000000083100000, 0x0000000083100000| Untracked 
|  16|0x0000000083200000, 0x0000000083200000, 0x0000000083300000|  0%| F|  |TAMS 0x0000000083200000, 0x0000000083200000| Untracked 
|  17|0x0000000083300000, 0x0000000083300000, 0x0000000083400000|  0%| F|  |TAMS 0x0000000083300000, 0x0000000083300000| Untracked 
|  18|0x0000000083400000, 0x0000000083400000, 0x0000000083500000|  0%| F|  |TAMS 0x0000000083400000, 0x0000000083400000| Untracked 
|  19|0x0000000083500000, 0x0000000083500000, 0x0000000083600000|  0%| F|  |TAMS 0x0000000083500000, 0x0000000083500000| Untracked 
|  20|0x0000000083600000, 0x0000000083600000, 0x0000000083700000|  0%| F|  |TAMS 0x0000000083600000, 0x0000000083600000| Untracked 
|  21|0x0000000083700000, 0x0000000083700000, 0x0000000083800000|  0%| F|  |TAMS 0x0000000083700000, 0x0000000083700000| Untracked 
|  22|0x0000000083800000, 0x0000000083800000, 0x0000000083900000|  0%| F|  |TAMS 0x0000000083800000, 0x0000000083800000| Untracked 
|  23|0x0000000083900000, 0x0000000083900000, 0x0000000083a00000|  0%| F|  |TAMS 0x0000000083900000, 0x0000000083900000| Untracked 
|  24|0x0000000083a00000, 0x0000000083a00000, 0x0000000083b00000|  0%| F|  |TAMS 0x0000000083a00000, 0x0000000083a00000| Untracked 
|  25|0x0000000083b00000, 0x0000000083b00000, 0x0000000083c00000|  0%| F|  |TAMS 0x0000000083b00000, 0x0000000083b00000| Untracked 
|  26|0x0000000083c00000, 0x0000000083c00000, 0x0000000083d00000|  0%| F|  |TAMS 0x0000000083c00000, 0x0000000083c00000| Untracked 
|  27|0x0000000083d00000, 0x0000000083d00000, 0x0000000083e00000|  0%| F|  |TAMS 0x0000000083d00000, 0x0000000083d00000| Untracked 
|  28|0x0000000083e00000, 0x0000000083e00000, 0x0000000083f00000|  0%| F|  |TAMS 0x0000000083e00000, 0x0000000083e00000| Untracked 
|  29|0x0000000083f00000, 0x0000000083f00000, 0x0000000084000000|  0%| F|  |TAMS 0x0000000083f00000, 0x0000000083f00000| Untracked 
|  30|0x0000000084000000, 0x0000000084000000, 0x0000000084100000|  0%| F|  |TAMS 0x0000000084000000, 0x0000000084000000| Untracked 
|  31|0x0000000084100000, 0x0000000084100000, 0x0000000084200000|  0%| F|  |TAMS 0x0000000084100000, 0x0000000084100000| Untracked 
|  32|0x0000000084200000, 0x0000000084200000, 0x0000000084300000|  0%| F|  |TAMS 0x0000000084200000, 0x0000000084200000| Untracked 
|  33|0x0000000084300000, 0x0000000084300000, 0x0000000084400000|  0%| F|  |TAMS 0x0000000084300000, 0x0000000084300000| Untracked 
|  34|0x0000000084400000, 0x0000000084400000, 0x0000000084500000|  0%| F|  |TAMS 0x0000000084400000, 0x0000000084400000| Untracked 
|  35|0x0000000084500000, 0x0000000084500000, 0x0000000084600000|  0%| F|  |TAMS 0x0000000084500000, 0x0000000084500000| Untracked 
|  36|0x0000000084600000, 0x0000000084600000, 0x0000000084700000|  0%| F|  |TAMS 0x0000000084600000, 0x0000000084600000| Untracked 
|  37|0x0000000084700000, 0x0000000084700000, 0x0000000084800000|  0%| F|  |TAMS 0x0000000084700000, 0x0000000084700000| Untracked 
|  38|0x0000000084800000, 0x0000000084800000, 0x0000000084900000|  0%| F|  |TAMS 0x0000000084800000, 0x0000000084800000| Untracked 
|  39|0x0000000084900000, 0x0000000084900000, 0x0000000084a00000|  0%| F|  |TAMS 0x0000000084900000, 0x0000000084900000| Untracked 
|  40|0x0000000084a00000, 0x0000000084a00000, 0x0000000084b00000|  0%| F|  |TAMS 0x0000000084a00000, 0x0000000084a00000| Untracked 
|  41|0x0000000084b00000, 0x0000000084b00000, 0x0000000084c00000|  0%| F|  |TAMS 0x0000000084b00000, 0x0000000084b00000| Untracked 
|  42|0x0000000084c00000, 0x0000000084c00000, 0x0000000084d00000|  0%| F|  |TAMS 0x0000000084c00000, 0x0000000084c00000| Untracked 
|  43|0x0000000084d00000, 0x0000000084d00000, 0x0000000084e00000|  0%| F|  |TAMS 0x0000000084d00000, 0x0000000084d00000| Untracked 
|  44|0x0000000084e00000, 0x0000000084e00000, 0x0000000084f00000|  0%| F|  |TAMS 0x0000000084e00000, 0x0000000084e00000| Untracked 
|  45|0x0000000084f00000, 0x0000000084f00000, 0x0000000085000000|  0%| F|  |TAMS 0x0000000084f00000, 0x0000000084f00000| Untracked 
|  46|0x0000000085000000, 0x0000000085000000, 0x0000000085100000|  0%| F|  |TAMS 0x0000000085000000, 0x0000000085000000| Untracked 
|  47|0x0000000085100000, 0x0000000085100000, 0x0000000085200000|  0%| F|  |TAMS 0x0000000085100000, 0x0000000085100000| Untracked 
|  48|0x0000000085200000, 0x0000000085200000, 0x0000000085300000|  0%| F|  |TAMS 0x0000000085200000, 0x0000000085200000| Untracked 
|  49|0x0000000085300000, 0x0000000085300000, 0x0000000085400000|  0%| F|  |TAMS 0x0000000085300000, 0x0000000085300000| Untracked 
|  50|0x0000000085400000, 0x0000000085400000, 0x0000000085500000|  0%| F|  |TAMS 0x0000000085400000, 0x0000000085400000| Untracked 
|  51|0x0000000085500000, 0x0000000085500000, 0x0000000085600000|  0%| F|  |TAMS 0x0000000085500000, 0x0000000085500000| Untracked 
|  52|0x0000000085600000, 0x0000000085600000, 0x0000000085700000|  0%| F|  |TAMS 0x0000000085600000, 0x0000000085600000| Untracked 
|  53|0x0000000085700000, 0x0000000085700000, 0x0000000085800000|  0%| F|  |TAMS 0x0000000085700000, 0x0000000085700000| Untracked 
|  54|0x0000000085800000, 0x0000000085800000, 0x0000000085900000|  0%| F|  |TAMS 0x0000000085800000, 0x0000000085800000| Untracked 
|  55|0x0000000085900000, 0x0000000085900000, 0x0000000085a00000|  0%| F|  |TAMS 0x0000000085900000, 0x0000000085900000| Untracked 
|  56|0x0000000085a00000, 0x0000000085a00000, 0x0000000085b00000|  0%| F|  |TAMS 0x0000000085a00000, 0x0000000085a00000| Untracked 
|  57|0x0000000085b00000, 0x0000000085b00000, 0x0000000085c00000|  0%| F|  |TAMS 0x0000000085b00000, 0x0000000085b00000| Untracked 
|  58|0x0000000085c00000, 0x0000000085c00000, 0x0000000085d00000|  0%| F|  |TAMS 0x0000000085c00000, 0x0000000085c00000| Untracked 
|  59|0x0000000085d00000, 0x0000000085d00000, 0x0000000085e00000|  0%| F|  |TAMS 0x0000000085d00000, 0x0000000085d00000| Untracked 
|  60|0x0000000085e00000, 0x0000000085e00000, 0x0000000085f00000|  0%| F|  |TAMS 0x0000000085e00000, 0x0000000085e00000| Untracked 
|  61|0x0000000085f00000, 0x0000000085f00000, 0x0000000086000000|  0%| F|  |TAMS 0x0000000085f00000, 0x0000000085f00000| Untracked 
|  62|0x0000000086000000, 0x0000000086000000, 0x0000000086100000|  0%| F|  |TAMS 0x0000000086000000, 0x0000000086000000| Untracked 
|  63|0x0000000086100000, 0x0000000086100000, 0x0000000086200000|  0%| F|  |TAMS 0x0000000086100000, 0x0000000086100000| Untracked 
|  64|0x0000000086200000, 0x0000000086200000, 0x0000000086300000|  0%| F|  |TAMS 0x0000000086200000, 0x0000000086200000| Untracked 
|  65|0x0000000086300000, 0x0000000086300000, 0x0000000086400000|  0%| F|  |TAMS 0x0000000086300000, 0x0000000086300000| Untracked 
|  66|0x0000000086400000, 0x0000000086400000, 0x0000000086500000|  0%| F|  |TAMS 0x0000000086400000, 0x0000000086400000| Untracked 
|  67|0x0000000086500000, 0x0000000086500000, 0x0000000086600000|  0%| F|  |TAMS 0x0000000086500000, 0x0000000086500000| Untracked 
|  68|0x0000000086600000, 0x0000000086600000, 0x0000000086700000|  0%| F|  |TAMS 0x0000000086600000, 0x0000000086600000| Untracked 
|  69|0x0000000086700000, 0x0000000086700000, 0x0000000086800000|  0%| F|  |TAMS 0x0000000086700000, 0x0000000086700000| Untracked 
|  70|0x0000000086800000, 0x0000000086800000, 0x0000000086900000|  0%| F|  |TAMS 0x0000000086800000, 0x0000000086800000| Untracked 
|  71|0x0000000086900000, 0x0000000086900000, 0x0000000086a00000|  0%| F|  |TAMS 0x0000000086900000, 0x0000000086900000| Untracked 
|  72|0x0000000086a00000, 0x0000000086a00000, 0x0000000086b00000|  0%| F|  |TAMS 0x0000000086a00000, 0x0000000086a00000| Untracked 
|  73|0x0000000086b00000, 0x0000000086b00000, 0x0000000086c00000|  0%| F|  |TAMS 0x0000000086b00000, 0x0000000086b00000| Untracked 
|  74|0x0000000086c00000, 0x0000000086c00000, 0x0000000086d00000|  0%| F|  |TAMS 0x0000000086c00000, 0x0000000086c00000| Untracked 
|  75|0x0000000086d00000, 0x0000000086d00000, 0x0000000086e00000|  0%| F|  |TAMS 0x0000000086d00000, 0x0000000086d00000| Untracked 
|  76|0x0000000086e00000, 0x0000000086e00000, 0x0000000086f00000|  0%| F|  |TAMS 0x0000000086e00000, 0x0000000086e00000| Untracked 
|  77|0x0000000086f00000, 0x0000000086f00000, 0x0000000087000000|  0%| F|  |TAMS 0x0000000086f00000, 0x0000000086f00000| Untracked 
|  78|0x0000000087000000, 0x0000000087000000, 0x0000000087100000|  0%| F|  |TAMS 0x0000000087000000, 0x0000000087000000| Untracked 
|  79|0x0000000087100000, 0x0000000087100000, 0x0000000087200000|  0%| F|  |TAMS 0x0000000087100000, 0x0000000087100000| Untracked 
|  80|0x0000000087200000, 0x0000000087200000, 0x0000000087300000|  0%| F|  |TAMS 0x0000000087200000, 0x0000000087200000| Untracked 
|  81|0x0000000087300000, 0x0000000087300000, 0x0000000087400000|  0%| F|  |TAMS 0x0000000087300000, 0x0000000087300000| Untracked 
|  82|0x0000000087400000, 0x0000000087400000, 0x0000000087500000|  0%| F|  |TAMS 0x0000000087400000, 0x0000000087400000| Untracked 
|  83|0x0000000087500000, 0x0000000087500000, 0x0000000087600000|  0%| F|  |TAMS 0x0000000087500000, 0x0000000087500000| Untracked 
|  84|0x0000000087600000, 0x0000000087600000, 0x0000000087700000|  0%| F|  |TAMS 0x0000000087600000, 0x0000000087600000| Untracked 
|  85|0x0000000087700000, 0x0000000087700000, 0x0000000087800000|  0%| F|  |TAMS 0x0000000087700000, 0x0000000087700000| Untracked 
|  86|0x0000000087800000, 0x0000000087800000, 0x0000000087900000|  0%| F|  |TAMS 0x0000000087800000, 0x0000000087800000| Untracked 
|  87|0x0000000087900000, 0x0000000087900000, 0x0000000087a00000|  0%| F|  |TAMS 0x0000000087900000, 0x0000000087900000| Untracked 
|  88|0x0000000087a00000, 0x0000000087a00000, 0x0000000087b00000|  0%| F|  |TAMS 0x0000000087a00000, 0x0000000087a00000| Untracked 
|  89|0x0000000087b00000, 0x0000000087b00000, 0x0000000087c00000|  0%| F|  |TAMS 0x0000000087b00000, 0x0000000087b00000| Untracked 
|  90|0x0000000087c00000, 0x0000000087c00000, 0x0000000087d00000|  0%| F|  |TAMS 0x0000000087c00000, 0x0000000087c00000| Untracked 
|  91|0x0000000087d00000, 0x0000000087d00000, 0x0000000087e00000|  0%| F|  |TAMS 0x0000000087d00000, 0x0000000087d00000| Untracked 
|  92|0x0000000087e00000, 0x0000000087e00000, 0x0000000087f00000|  0%| F|  |TAMS 0x0000000087e00000, 0x0000000087e00000| Untracked 
|  93|0x0000000087f00000, 0x0000000087f00000, 0x0000000088000000|  0%| F|  |TAMS 0x0000000087f00000, 0x0000000087f00000| Untracked 
|  94|0x0000000088000000, 0x0000000088000000, 0x0000000088100000|  0%| F|  |TAMS 0x0000000088000000, 0x0000000088000000| Untracked 
|  95|0x0000000088100000, 0x00000000881d1090, 0x0000000088200000| 81%| S|CS|TAMS 0x0000000088100000, 0x0000000088100000| Complete 
|  96|0x0000000088200000, 0x0000000088300000, 0x0000000088300000|100%| S|CS|TAMS 0x0000000088200000, 0x0000000088200000| Complete 
|  97|0x0000000088300000, 0x0000000088300000, 0x0000000088400000|  0%| F|  |TAMS 0x0000000088300000, 0x0000000088300000| Untracked 
|  98|0x0000000088400000, 0x0000000088400000, 0x0000000088500000|  0%| F|  |TAMS 0x0000000088400000, 0x0000000088400000| Untracked 
|  99|0x0000000088500000, 0x0000000088500000, 0x0000000088600000|  0%| F|  |TAMS 0x0000000088500000, 0x0000000088500000| Untracked 
| 100|0x0000000088600000, 0x0000000088600000, 0x0000000088700000|  0%| F|  |TAMS 0x0000000088600000, 0x0000000088600000| Untracked 
| 101|0x0000000088700000, 0x0000000088700000, 0x0000000088800000|  0%| F|  |TAMS 0x0000000088700000, 0x0000000088700000| Untracked 
| 102|0x0000000088800000, 0x0000000088800000, 0x0000000088900000|  0%| F|  |TAMS 0x0000000088800000, 0x0000000088800000| Untracked 
| 103|0x0000000088900000, 0x0000000088900000, 0x0000000088a00000|  0%| F|  |TAMS 0x0000000088900000, 0x0000000088900000| Untracked 
| 104|0x0000000088a00000, 0x0000000088b00000, 0x0000000088b00000|100%| E|  |TAMS 0x0000000088a00000, 0x0000000088a00000| Complete 
| 105|0x0000000088b00000, 0x0000000088c00000, 0x0000000088c00000|100%| E|CS|TAMS 0x0000000088b00000, 0x0000000088b00000| Complete 
| 106|0x0000000088c00000, 0x0000000088d00000, 0x0000000088d00000|100%| E|CS|TAMS 0x0000000088c00000, 0x0000000088c00000| Complete 
| 107|0x0000000088d00000, 0x0000000088e00000, 0x0000000088e00000|100%| E|CS|TAMS 0x0000000088d00000, 0x0000000088d00000| Complete 
| 108|0x0000000088e00000, 0x0000000088f00000, 0x0000000088f00000|100%| E|CS|TAMS 0x0000000088e00000, 0x0000000088e00000| Complete 
| 109|0x0000000088f00000, 0x0000000089000000, 0x0000000089000000|100%| E|CS|TAMS 0x0000000088f00000, 0x0000000088f00000| Complete 
| 110|0x0000000089000000, 0x0000000089100000, 0x0000000089100000|100%| E|CS|TAMS 0x0000000089000000, 0x0000000089000000| Complete 
| 111|0x0000000089100000, 0x0000000089200000, 0x0000000089200000|100%| E|CS|TAMS 0x0000000089100000, 0x0000000089100000| Complete 
| 112|0x0000000089200000, 0x0000000089300000, 0x0000000089300000|100%| E|CS|TAMS 0x0000000089200000, 0x0000000089200000| Complete 
| 113|0x0000000089300000, 0x0000000089400000, 0x0000000089400000|100%| E|CS|TAMS 0x0000000089300000, 0x0000000089300000| Complete 
| 114|0x0000000089400000, 0x0000000089500000, 0x0000000089500000|100%| E|CS|TAMS 0x0000000089400000, 0x0000000089400000| Complete 
| 115|0x0000000089500000, 0x0000000089600000, 0x0000000089600000|100%| E|CS|TAMS 0x0000000089500000, 0x0000000089500000| Complete 
| 116|0x0000000089600000, 0x0000000089700000, 0x0000000089700000|100%| E|CS|TAMS 0x0000000089600000, 0x0000000089600000| Complete 
| 117|0x0000000089700000, 0x0000000089800000, 0x0000000089800000|100%| E|CS|TAMS 0x0000000089700000, 0x0000000089700000| Complete 
| 118|0x0000000089800000, 0x0000000089900000, 0x0000000089900000|100%| E|CS|TAMS 0x0000000089800000, 0x0000000089800000| Complete 
| 119|0x0000000089900000, 0x0000000089a00000, 0x0000000089a00000|100%| E|CS|TAMS 0x0000000089900000, 0x0000000089900000| Complete 
| 120|0x0000000089a00000, 0x0000000089b00000, 0x0000000089b00000|100%| E|CS|TAMS 0x0000000089a00000, 0x0000000089a00000| Complete 
| 121|0x0000000089b00000, 0x0000000089c00000, 0x0000000089c00000|100%| E|CS|TAMS 0x0000000089b00000, 0x0000000089b00000| Complete 
| 122|0x0000000089c00000, 0x0000000089d00000, 0x0000000089d00000|100%| E|CS|TAMS 0x0000000089c00000, 0x0000000089c00000| Complete 
| 123|0x0000000089d00000, 0x0000000089e00000, 0x0000000089e00000|100%| E|CS|TAMS 0x0000000089d00000, 0x0000000089d00000| Complete 
| 124|0x0000000089e00000, 0x0000000089f00000, 0x0000000089f00000|100%| E|CS|TAMS 0x0000000089e00000, 0x0000000089e00000| Complete 
| 125|0x0000000089f00000, 0x000000008a000000, 0x000000008a000000|100%| E|CS|TAMS 0x0000000089f00000, 0x0000000089f00000| Complete 

Card table byte_map: [0x000002017e980000,0x000002017ed70000] _byte_map_base: 0x000002017e56f000

Marking Bits (Prev, Next): (CMBitMap*) 0x0000020167aa9650, (CMBitMap*) 0x0000020167aa9690
 Prev Bits: [0x0000020100000000, 0x0000020101f78000)
 Next Bits: [0x0000020101f80000, 0x0000020103ef8000)

Polling page: 0x0000020165920000

Metaspace:

Usage:
  Non-class:     11.86 MB used.
      Class:      1.66 MB used.
       Both:     13.52 MB used.

Virtual space:
  Non-class space:       64.00 MB reserved,      11.94 MB ( 19%) committed,  1 nodes.
      Class space:        1.00 GB reserved,       1.75 MB ( <1%) committed,  1 nodes.
             Both:        1.06 GB reserved,      13.69 MB (  1%) committed. 

Chunk freelists:
   Non-Class:  3.16 MB
       Class:  14.09 MB
        Both:  17.25 MB

MaxMetaspaceSize: unlimited
CompressedClassSpaceSize: 1.00 GB
Initial GC threshold: 21.00 MB
Current GC threshold: 21.00 MB
CDS: on
MetaspaceReclaimPolicy: balanced
 - commit_granule_bytes: 65536.
 - commit_granule_words: 8192.
 - virtual_space_node_default_size: 8388608.
 - enlarge_chunks_in_place: 1.
 - new_chunks_are_fully_committed: 0.
 - uncommit_free_chunks: 1.
 - use_allocation_guard: 0.
 - handle_deallocations: 1.


Internal statistics:

num_allocs_failed_limit: 0.
num_arena_births: 80.
num_arena_deaths: 0.
num_vsnodes_births: 2.
num_vsnodes_deaths: 0.
num_space_committed: 219.
num_space_uncommitted: 0.
num_chunks_returned_to_freelist: 0.
num_chunks_taken_from_freelist: 550.
num_chunk_merges: 0.
num_chunk_splits: 378.
num_chunks_enlarged: 314.
num_inconsistent_stats: 0.

CodeHeap 'non-profiled nmethods': size=120000Kb used=974Kb max_used=974Kb free=119025Kb
 bounds [0x0000020177060000, 0x00000201772d0000, 0x000002017e590000]
CodeHeap 'profiled nmethods': size=120000Kb used=5223Kb max_used=5223Kb free=114776Kb
 bounds [0x000002016f590000, 0x000002016fab0000, 0x0000020176ac0000]
CodeHeap 'non-nmethods': size=5760Kb used=1176Kb max_used=1221Kb free=4583Kb
 bounds [0x0000020176ac0000, 0x0000020176d30000, 0x0000020177060000]
 total_blobs=3027 nmethods=2559 adapters=380
 compilation: enabled
              stopped_count=0, restarted_count=0
 full_count=0

Compilation events (20 events):
Event: 4.910 Thread 0x000002017f623670 2529       3       java.util.regex.Pattern::lambda$DOT$11 (34 bytes)
Event: 4.911 Thread 0x000002017f623670 nmethod 2529 0x000002016fa94a90 code [0x000002016fa94c20, 0x000002016fa94e18]
Event: 4.914 Thread 0x000002017f623670 2530       3       com.google.inject.internal.BindingImpl::getProvider (44 bytes)
Event: 4.915 Thread 0x000002017f623670 nmethod 2530 0x000002016fa94e90 code [0x000002016fa95060, 0x000002016fa95378]
Event: 4.915 Thread 0x000002017f623670 2531       3       com.google.inject.internal.InjectorImpl::getProviderOrThrow (35 bytes)
Event: 4.915 Thread 0x000002017f623670 nmethod 2531 0x000002016fa95490 code [0x000002016fa95660, 0x000002016fa95aa8]
Event: 4.915 Thread 0x000002017f623670 2532       3       com.google.inject.internal.InjectorImpl$1::<init> (20 bytes)
Event: 4.915 Thread 0x000002017f623670 nmethod 2532 0x000002016fa95c90 code [0x000002016fa95e40, 0x000002016fa960b8]
Event: 4.915 Thread 0x000002017f623670 2533       1       com.google.inject.internal.InternalContext::getDependency (5 bytes)
Event: 4.916 Thread 0x000002017f623670 nmethod 2533 0x0000020177152810 code [0x00000201771529a0, 0x0000020177152a78]
Event: 4.924 Thread 0x000002017f61e870 2534   !   4       java.net.URL::<init> (543 bytes)
Event: 4.924 Thread 0x000002017f623670 2535       3       sun.net.util.IPAddressUtil::checkHostString (53 bytes)
Event: 4.925 Thread 0x000002017f623670 nmethod 2535 0x000002016fa96190 code [0x000002016fa96440, 0x000002016fa96fe8]
Event: 4.941 Thread 0x000002017f623670 2538       3       java.util.regex.Pattern$$Lambda$20/0x800000030::is (9 bytes)
Event: 4.942 Thread 0x000002017f623670 nmethod 2538 0x000002016fa97410 code [0x000002016fa975c0, 0x000002016fa97848]
Event: 4.942 Thread 0x000002017f623670 2539       3       java.util.regex.Pattern::lambda$negate$7 (16 bytes)
Event: 4.942 Thread 0x000002017f623670 nmethod 2539 0x000002016fa97910 code [0x000002016fa97ac0, 0x000002016fa97cc8]
Event: 4.954 Thread 0x000002017f623670 2540   !   3       java.lang.String::<init> (840 bytes)
Event: 4.958 Thread 0x000002017f623670 nmethod 2540 0x000002016fa97d90 code [0x000002016fa982c0, 0x000002016fa9ae78]
Event: 4.979 Thread 0x000002017f623670 2541       3       sun.nio.cs.UTF_8$Decoder::decodeArrayLoop (688 bytes)

GC Heap History (6 events):
Event: 1.185 GC heap before
{Heap before GC invocations=0 (full 0):
 garbage-first heap   total 129024K, used 13312K [0x0000000082200000, 0x0000000100000000)
  region size 1024K, 13 young (13312K), 0 survivors (0K)
 Metaspace       used 3438K, committed 3520K, reserved 1114112K
  class space    used 364K, committed 384K, reserved 1048576K
}
Event: 1.193 GC heap after
{Heap after GC invocations=1 (full 0):
 garbage-first heap   total 129024K, used 3157K [0x0000000082200000, 0x0000000100000000)
  region size 1024K, 2 young (2048K), 2 survivors (2048K)
 Metaspace       used 3438K, committed 3520K, reserved 1114112K
  class space    used 364K, committed 384K, reserved 1048576K
}
Event: 1.719 GC heap before
{Heap before GC invocations=1 (full 0):
 garbage-first heap   total 129024K, used 15445K [0x0000000082200000, 0x0000000100000000)
  region size 1024K, 14 young (14336K), 2 survivors (2048K)
 Metaspace       used 5535K, committed 5760K, reserved 1114112K
  class space    used 670K, committed 768K, reserved 1048576K
}
Event: 1.726 GC heap after
{Heap after GC invocations=2 (full 0):
 garbage-first heap   total 129024K, used 3968K [0x0000000082200000, 0x0000000100000000)
  region size 1024K, 1 young (1024K), 1 survivors (1024K)
 Metaspace       used 5535K, committed 5760K, reserved 1114112K
  class space    used 670K, committed 768K, reserved 1048576K
}
Event: 3.044 GC heap before
{Heap before GC invocations=2 (full 0):
 garbage-first heap   total 129024K, used 32640K [0x0000000082200000, 0x0000000100000000)
  region size 1024K, 29 young (29696K), 1 survivors (1024K)
 Metaspace       used 9380K, committed 9536K, reserved 1114112K
  class space    used 1134K, committed 1216K, reserved 1048576K
}
Event: 3.048 GC heap after
{Heap after GC invocations=3 (full 0):
 garbage-first heap   total 129024K, used 5075K [0x0000000082200000, 0x0000000100000000)
  region size 1024K, 2 young (2048K), 2 survivors (2048K)
 Metaspace       used 9380K, committed 9536K, reserved 1114112K
  class space    used 1134K, committed 1216K, reserved 1048576K
}

Dll operation events (8 events):
Event: 0.017 Loaded shared library C:\Program Files\java\corretto-17.0.13\bin\java.dll
Event: 0.050 Loaded shared library C:\Program Files\java\corretto-17.0.13\bin\jsvml.dll
Event: 0.158 Loaded shared library C:\Program Files\java\corretto-17.0.13\bin\net.dll
Event: 0.163 Loaded shared library C:\Program Files\java\corretto-17.0.13\bin\nio.dll
Event: 0.168 Loaded shared library C:\Program Files\java\corretto-17.0.13\bin\zip.dll
Event: 0.521 Loaded shared library C:\ProgramData\chocolatey\lib\maven\apache-maven-3.9.11\lib\jansi-native\Windows\x86_64\jansi.dll
Event: 0.563 Loaded shared library C:\Program Files\java\corretto-17.0.13\bin\verify.dll
Event: 0.597 Loaded shared library C:\Program Files\java\corretto-17.0.13\bin\jimage.dll

Deoptimization events (20 events):
Event: 4.797 Thread 0x0000020167a51070 DEOPT PACKING pc=0x00000201770b96f4 sp=0x0000002640cfde80
Event: 4.797 Thread 0x0000020167a51070 DEOPT UNPACKING pc=0x0000020176b169a3 sp=0x0000002640cfde20 mode 2
Event: 4.843 Thread 0x0000020167a51070 Uncommon trap: trap_request=0xffffff45 fr.pc=0x0000020177138c74 relative=0x0000000000000734
Event: 4.843 Thread 0x0000020167a51070 Uncommon trap: reason=unstable_if action=reinterpret pc=0x0000020177138c74 method=java.util.ArrayList.grow(I)[Ljava/lang/Object; @ 17 c2
Event: 4.843 Thread 0x0000020167a51070 DEOPT PACKING pc=0x0000020177138c74 sp=0x0000002640cfe200
Event: 4.843 Thread 0x0000020167a51070 DEOPT UNPACKING pc=0x0000020176b169a3 sp=0x0000002640cfe098 mode 2
Event: 4.902 Thread 0x0000020167a51070 DEOPT PACKING pc=0x000002017712108c sp=0x0000002640cfdda0
Event: 4.902 Thread 0x0000020167a51070 DEOPT UNPACKING pc=0x0000020176b17143 sp=0x0000002640cfd1c0 mode 0
Event: 4.903 Thread 0x0000020167a51070 Uncommon trap: trap_request=0xffffff45 fr.pc=0x00000201771282c4 relative=0x0000000000000044
Event: 4.903 Thread 0x0000020167a51070 Uncommon trap: reason=unstable_if action=reinterpret pc=0x00000201771282c4 method=sun.net.util.IPAddressUtil.scan(Ljava/lang/String;JJ[C)I @ 14 c2
Event: 4.903 Thread 0x0000020167a51070 DEOPT PACKING pc=0x00000201771282c4 sp=0x0000002640cfd8f0
Event: 4.903 Thread 0x0000020167a51070 DEOPT UNPACKING pc=0x0000020176b169a3 sp=0x0000002640cfd7d0 mode 2
Event: 4.933 Thread 0x0000020167a51070 Uncommon trap: trap_request=0xffffff45 fr.pc=0x0000020177103c00 relative=0x0000000000000ee0
Event: 4.933 Thread 0x0000020167a51070 Uncommon trap: reason=unstable_if action=reinterpret pc=0x0000020177103c00 method=java.lang.String.<init>([BIILjava/nio/charset/Charset;)V @ 47 c2
Event: 4.933 Thread 0x0000020167a51070 DEOPT PACKING pc=0x0000020177103c00 sp=0x0000002640cfd880
Event: 4.933 Thread 0x0000020167a51070 DEOPT UNPACKING pc=0x0000020176b169a3 sp=0x0000002640cfd868 mode 2
Event: 4.979 Thread 0x0000020167a51070 Uncommon trap: trap_request=0xffffff45 fr.pc=0x00000201770bd590 relative=0x00000000000004d0
Event: 4.979 Thread 0x0000020167a51070 Uncommon trap: reason=unstable_if action=reinterpret pc=0x00000201770bd590 method=java.lang.String.decodeASCII([BI[CII)I @ 7 c2
Event: 4.979 Thread 0x0000020167a51070 DEOPT PACKING pc=0x00000201770bd590 sp=0x0000002640cfd360
Event: 4.979 Thread 0x0000020167a51070 DEOPT UNPACKING pc=0x0000020176b169a3 sp=0x0000002640cfd188 mode 2

Classes loaded (20 events):
Event: 4.861 Loading class java/util/concurrent/ForkJoinPool$ManagedBlocker done
Event: 4.861 Loading class java/util/concurrent/locks/AbstractQueuedSynchronizer$Node
Event: 4.861 Loading class java/util/concurrent/locks/AbstractQueuedSynchronizer$Node done
Event: 4.861 Loading class java/util/concurrent/locks/AbstractQueuedSynchronizer$ConditionNode done
Event: 4.900 Loading class java/net/URL$2
Event: 4.900 Loading class java/net/URL$2 done
Event: 4.900 Loading class java/net/URL$1
Event: 4.901 Loading class java/net/URL$1 done
Event: 4.901 Loading class java/net/spi/URLStreamHandlerProvider
Event: 4.901 Loading class java/net/spi/URLStreamHandlerProvider done
Event: 4.902 Loading class sun/net/www/protocol/https/Handler
Event: 4.902 Loading class sun/net/www/protocol/http/Handler
Event: 4.902 Loading class sun/net/www/protocol/http/Handler done
Event: 4.902 Loading class sun/net/www/protocol/https/Handler done
Event: 4.907 Loading class java/util/regex/Pattern$Pos
Event: 4.908 Loading class java/util/regex/Pattern$Pos done
Event: 4.915 Loading class java/util/ArrayList$SubList$1
Event: 4.916 Loading class java/util/ArrayList$SubList$1 done
Event: 4.923 Loading class java/util/concurrent/atomic/AtomicReference
Event: 4.923 Loading class java/util/concurrent/atomic/AtomicReference done

Classes unloaded (0 events):
No events

Classes redefined (0 events):
No events

Internal exceptions (20 events):
Event: 0.546 Thread 0x0000020167a51070 Exception <a 'java/lang/NullPointerException'{0x0000000089ba1f50}> (0x0000000089ba1f50) 
thrown [s\src\hotspot\share\interpreter\linkResolver.cpp, line 1350]
Event: 0.584 Thread 0x0000020167a51070 Exception <a 'java/lang/NoSuchMethodError'{0x0000000089a26c80}: 'void java.lang.invoke.DirectMethodHandle$Holder.invokeStatic(java.lang.Object, java.lang.Object)'> (0x0000000089a26c80) 
thrown [s\src\hotspot\share\interpreter\linkResolver.cpp, line 759]
Event: 0.585 Thread 0x0000020167a51070 Exception <a 'java/lang/NoSuchMethodError'{0x0000000089a2a598}: 'void java.lang.invoke.DirectMethodHandle$Holder.invokeStaticInit(java.lang.Object, java.lang.Object)'> (0x0000000089a2a598) 
thrown [s\src\hotspot\share\interpreter\linkResolver.cpp, line 759]
Event: 0.602 Thread 0x0000020167a51070 Exception <a 'java/lang/NoSuchMethodError'{0x0000000089aadb80}: 'void java.lang.invoke.DirectMethodHandle$Holder.invokeStatic(java.lang.Object, java.lang.Object, java.lang.Object)'> (0x0000000089aadb80) 
thrown [s\src\hotspot\share\interpreter\linkResolver.cpp, line 759]
Event: 0.760 Thread 0x0000020167a51070 Exception <a 'java/lang/NoSuchMethodError'{0x000000008984e008}: 'java.lang.Object java.lang.invoke.DirectMethodHandle$Holder.invokeSpecialIFC(java.lang.Object, java.lang.Object, java.lang.Object, java.lang.Object)'> (0x000000008984e008) 
thrown [s\src\hotspot\share\interpreter\linkResolver.cpp, line 759]
Event: 1.224 Thread 0x0000020167a51070 Exception <a 'java/lang/NoSuchMethodError'{0x0000000089f71f70}: 'void java.lang.invoke.DirectMethodHandle$Holder.invokeSpecial(java.lang.Object, java.lang.Object, java.lang.Object)'> (0x0000000089f71f70) 
thrown [s\src\hotspot\share\interpreter\linkResolver.cpp, line 759]
Event: 1.320 Thread 0x0000020167a51070 Exception <a 'java/lang/NoSuchMethodError'{0x0000000089ee8590}: 'java.lang.Object java.lang.invoke.DirectMethodHandle$Holder.invokeInterface(java.lang.Object, java.lang.Object)'> (0x0000000089ee8590) 
thrown [s\src\hotspot\share\interpreter\linkResolver.cpp, line 759]
Event: 1.357 Thread 0x0000020167a51070 Exception <a 'java/lang/NoSuchMethodError'{0x0000000089d96e90}: 'java.lang.Object java.lang.invoke.Invokers$Holder.invokeExact_MT(java.lang.Object, java.lang.Object, java.lang.Object, java.lang.Object, java.lang.Object, java.lang.Object)'> (0x0000000089d96e90) 
thrown [s\src\hotspot\share\interpreter\linkResolver.cpp, line 759]
Event: 1.362 Thread 0x0000020167a51070 Exception <a 'java/lang/NoSuchMethodError'{0x0000000089da83a0}: 'int java.lang.invoke.DirectMethodHandle$Holder.invokeSpecialIFC(java.lang.Object, java.lang.Object, java.lang.Object, java.lang.Object, java.lang.Object)'> (0x0000000089da83a0) 
thrown [s\src\hotspot\share\interpreter\linkResolver.cpp, line 759]
Event: 1.467 Thread 0x0000020167a51070 Exception <a 'java/lang/NoSuchMethodError'{0x0000000089b58780}: 'java.lang.Object java.lang.invoke.DirectMethodHandle$Holder.newInvokeSpecial(java.lang.Object, java.lang.Object, java.lang.Object, java.lang.Object, java.lang.Object)'> (0x0000000089b58780) 
thrown [s\src\hotspot\share\interpreter\linkResolver.cpp, line 759]
Event: 1.529 Thread 0x0000020167a51070 Exception <a 'java/lang/NoSuchMethodError'{0x0000000089a7bad8}: 'int java.lang.invoke.DirectMethodHandle$Holder.invokeStaticInit(java.lang.Object, java.lang.Object)'> (0x0000000089a7bad8) 
thrown [s\src\hotspot\share\interpreter\linkResolver.cpp, line 759]
Event: 1.544 Thread 0x0000020167a51070 Exception <a 'java/lang/NoClassDefFoundError'{0x0000000089ab4f70}: javax/enterprise/inject/Typed> (0x0000000089ab4f70) 
thrown [s\src\hotspot\share\classfile\systemDictionary.cpp, line 245]
Event: 3.360 Thread 0x0000020167a51070 Exception <a 'java/lang/NoSuchMethodError'{0x0000000089a998a0}: 'void java.lang.invoke.DirectMethodHandle$Holder.invokeStaticInit(java.lang.Object, java.lang.Object, java.lang.Object)'> (0x0000000089a998a0) 
thrown [s\src\hotspot\share\interpreter\linkResolver.cpp, line 759]
Event: 3.388 Thread 0x0000020167a51070 Exception <a 'java/lang/ExceptionInInitializerError'{0x0000000089ac6fc0}> (0x0000000089ac6fc0) 
thrown [s\src\hotspot\share\oops\instanceKlass.cpp, line 1218]
Event: 3.411 Thread 0x0000020167a51070 Implicit null exception at 0x00000201770dccaf to 0x00000201770dce0c
Event: 3.414 Thread 0x0000020167a51070 Exception <a 'java/lang/NoSuchMethodError'{0x000000008992f060}: 'java.lang.Object java.lang.invoke.Invokers$Holder.invokeExact_MT(java.lang.Object, int, java.lang.Object)'> (0x000000008992f060) 
thrown [s\src\hotspot\share\interpreter\linkResolver.cpp, line 759]
Event: 3.444 Thread 0x0000020167a51070 Exception <a 'java/lang/NoSuchMethodError'{0x0000000089995dd8}: 'int java.lang.invoke.DirectMethodHandle$Holder.invokeSpecial(java.lang.Object, java.lang.Object, java.lang.Object, java.lang.Object)'> (0x0000000089995dd8) 
thrown [s\src\hotspot\share\interpreter\linkResolver.cpp, line 759]
Event: 4.231 Thread 0x0000020167a51070 Exception <a 'java/lang/NoClassDefFoundError'{0x00000000891d2620}: com/google/inject/servlet/ServletModuleTargetVisitor> (0x00000000891d2620) 
thrown [s\src\hotspot\share\classfile\systemDictionary.cpp, line 245]
Event: 4.576 Thread 0x0000020167a51070 Exception <a 'java/lang/NoSuchMethodError'{0x0000000088f68c20}: 'void java.lang.invoke.DirectMethodHandle$Holder.invokeVirtual(java.lang.Object, java.lang.Object)'> (0x0000000088f68c20) 
thrown [s\src\hotspot\share\interpreter\linkResolver.cpp, line 759]
Event: 4.685 Thread 0x0000020167a51070 Exception <a 'java/lang/NoSuchMethodError'{0x0000000088fe1650}: 'java.lang.Object java.lang.invoke.DirectMethodHandle$Holder.invokeStaticInit(java.lang.Object, int, int, int, int)'> (0x0000000088fe1650) 
thrown [s\src\hotspot\share\interpreter\linkResolver.cpp, line 759]

VM Operations (20 events):
Event: 3.493 Executing VM operation: HandshakeAllThreads
Event: 3.493 Executing VM operation: HandshakeAllThreads done
Event: 3.496 Executing VM operation: HandshakeAllThreads
Event: 3.496 Executing VM operation: HandshakeAllThreads done
Event: 3.703 Executing VM operation: HandshakeAllThreads
Event: 3.703 Executing VM operation: HandshakeAllThreads done
Event: 3.832 Executing VM operation: ICBufferFull
Event: 3.832 Executing VM operation: ICBufferFull done
Event: 4.082 Executing VM operation: HandshakeAllThreads
Event: 4.082 Executing VM operation: HandshakeAllThreads done
Event: 4.594 Executing VM operation: HandshakeAllThreads
Event: 4.594 Executing VM operation: HandshakeAllThreads done
Event: 4.736 Executing VM operation: HandshakeAllThreads
Event: 4.736 Executing VM operation: HandshakeAllThreads done
Event: 4.901 Executing VM operation: HandshakeAllThreads
Event: 4.901 Executing VM operation: HandshakeAllThreads done
Event: 4.901 Executing VM operation: Cleanup
Event: 4.901 Executing VM operation: Cleanup done
Event: 4.903 Executing VM operation: HandshakeAllThreads
Event: 4.903 Executing VM operation: HandshakeAllThreads done

Memory protections (0 events):
No events

Nmethod flushes (0 events):
No events

Events (15 events):
Event: 0.050 Thread 0x0000020167a51070 Thread added: 0x0000020167a51070
Event: 0.055 Thread 0x0000020167a51070 Thread added: 0x000002017f5ffb40
Event: 0.055 Thread 0x0000020167a51070 Thread added: 0x000002017f6008d0
Event: 0.087 Thread 0x0000020167a51070 Thread added: 0x000002017f617880
Event: 0.087 Thread 0x0000020167a51070 Thread added: 0x000002017f61c280
Event: 0.087 Thread 0x0000020167a51070 Thread added: 0x000002017f61d2f0
Event: 0.088 Thread 0x0000020167a51070 Thread added: 0x000002017f61dbc0
Event: 0.088 Thread 0x0000020167a51070 Thread added: 0x000002017f61e870
Event: 0.088 Thread 0x0000020167a51070 Thread added: 0x000002017f623670
Event: 0.089 Thread 0x0000020167a51070 Thread added: 0x000002017f6396a0
Event: 0.138 Thread 0x0000020167a51070 Thread added: 0x000002014b1f2660
Event: 0.147 Thread 0x0000020167a51070 Thread added: 0x000002014b200810
Event: 0.517 Thread 0x0000020167a51070 Thread added: 0x000002014b420ce0
Event: 0.752 Thread 0x000002014b420ce0 Thread exited: 0x000002014b420ce0
Event: 4.832 Thread 0x0000020167a51070 Thread added: 0x000002014bce5db0


Dynamic libraries:
0x00007ff60a6f0000 - 0x00007ff60a6fe000 	C:\Program Files\java\corretto-17.0.13\bin\java.exe
0x00007fff95b70000 - 0x00007fff95d68000 	C:\Windows\SYSTEM32\ntdll.dll
0x00007fff93b90000 - 0x00007fff93c52000 	C:\Windows\System32\KERNEL32.DLL
0x00007fff93680000 - 0x00007fff93976000 	C:\Windows\System32\KERNELBASE.dll
0x00007fff93460000 - 0x00007fff93560000 	C:\Windows\System32\ucrtbase.dll
0x00007fff8ac70000 - 0x00007fff8ac87000 	C:\Program Files\java\corretto-17.0.13\bin\jli.dll
0x00007fff94160000 - 0x00007fff94301000 	C:\Windows\System32\USER32.dll
0x00007fff93b60000 - 0x00007fff93b82000 	C:\Windows\System32\win32u.dll
0x00007fff95310000 - 0x00007fff9533b000 	C:\Windows\System32\GDI32.dll
0x00007fff93560000 - 0x00007fff93679000 	C:\Windows\System32\gdi32full.dll
0x00007fff93200000 - 0x00007fff9329d000 	C:\Windows\System32\msvcp_win.dll
0x00007fff82320000 - 0x00007fff8233b000 	C:\Program Files\java\corretto-17.0.13\bin\VCRUNTIME140.dll
0x00007fff77110000 - 0x00007fff773ab000 	C:\Windows\WinSxS\amd64_microsoft.windows.common-controls_6595b64144ccf1df_6.0.19041.6456_none_60b8a6cb71f64256\COMCTL32.dll
0x00007fff950f0000 - 0x00007fff9518e000 	C:\Windows\System32\msvcrt.dll
0x00007fff95430000 - 0x00007fff9545f000 	C:\Windows\System32\IMM32.DLL
0x00007fff8acb0000 - 0x00007fff8acbc000 	C:\Program Files\java\corretto-17.0.13\bin\vcruntime140_1.dll
0x00007fff4efc0000 - 0x00007fff4f04d000 	C:\Program Files\java\corretto-17.0.13\bin\msvcp140.dll
0x00007ffed7f50000 - 0x00007ffed8bbc000 	C:\Program Files\java\corretto-17.0.13\bin\server\jvm.dll
0x00007fff95730000 - 0x00007fff957e1000 	C:\Windows\System32\ADVAPI32.dll
0x00007fff95030000 - 0x00007fff950cf000 	C:\Windows\System32\sechost.dll
0x00007fff95610000 - 0x00007fff95730000 	C:\Windows\System32\RPCRT4.dll
0x00007fff93430000 - 0x00007fff93457000 	C:\Windows\System32\bcrypt.dll
0x00007fff95870000 - 0x00007fff958db000 	C:\Windows\System32\WS2_32.dll
0x00007fff92700000 - 0x00007fff9274b000 	C:\Windows\SYSTEM32\POWRPROF.dll
0x00007fff78aa0000 - 0x00007fff78ac7000 	C:\Windows\SYSTEM32\WINMM.dll
0x00007fff83c30000 - 0x00007fff83c3a000 	C:\Windows\SYSTEM32\VERSION.dll
0x00007fff925c0000 - 0x00007fff925d2000 	C:\Windows\SYSTEM32\UMPDC.dll
0x00007fff919d0000 - 0x00007fff919e2000 	C:\Windows\SYSTEM32\kernel.appcore.dll
0x00007fff8abf0000 - 0x00007fff8abfa000 	C:\Program Files\java\corretto-17.0.13\bin\jimage.dll
0x00007fff81740000 - 0x00007fff81941000 	C:\Windows\SYSTEM32\DBGHELP.DLL
0x00007fff81700000 - 0x00007fff81734000 	C:\Windows\SYSTEM32\dbgcore.DLL
0x00007fff932f0000 - 0x00007fff93372000 	C:\Windows\System32\bcryptPrimitives.dll
0x00007fff80e10000 - 0x00007fff80e35000 	C:\Program Files\java\corretto-17.0.13\bin\java.dll
0x00007fff4eee0000 - 0x00007fff4efb7000 	C:\Program Files\java\corretto-17.0.13\bin\jsvml.dll
0x00007fff947f0000 - 0x00007fff94f60000 	C:\Windows\System32\SHELL32.dll
0x00007fff91210000 - 0x00007fff919b5000 	C:\Windows\SYSTEM32\windows.storage.dll
0x00007fff93cc0000 - 0x00007fff94014000 	C:\Windows\System32\combase.dll
0x00007fff92b50000 - 0x00007fff92b7b000 	C:\Windows\SYSTEM32\Wldp.dll
0x00007fff94f60000 - 0x00007fff9502d000 	C:\Windows\System32\OLEAUT32.dll
0x00007fff95240000 - 0x00007fff952ed000 	C:\Windows\System32\SHCORE.dll
0x00007fff93c60000 - 0x00007fff93cbb000 	C:\Windows\System32\shlwapi.dll
0x00007fff93130000 - 0x00007fff93154000 	C:\Windows\SYSTEM32\profapi.dll
0x00007fff7f4e0000 - 0x00007fff7f4f9000 	C:\Program Files\java\corretto-17.0.13\bin\net.dll
0x00007fff88f10000 - 0x00007fff8901a000 	C:\Windows\SYSTEM32\WINHTTP.dll
0x00007fff92930000 - 0x00007fff9299a000 	C:\Windows\system32\mswsock.dll
0x00007fff78d90000 - 0x00007fff78da6000 	C:\Program Files\java\corretto-17.0.13\bin\nio.dll
0x00007fff769f0000 - 0x00007fff76a08000 	C:\Program Files\java\corretto-17.0.13\bin\zip.dll
0x00007fff73b40000 - 0x00007fff73b64000 	C:\ProgramData\chocolatey\lib\maven\apache-maven-3.9.11\lib\jansi-native\Windows\x86_64\jansi.dll
0x00007fff89cb0000 - 0x00007fff89cc0000 	C:\Program Files\java\corretto-17.0.13\bin\verify.dll

dbghelp: loaded successfully - version: 4.0.5 - missing functions: none
symbol engine: initialized successfully - sym options: 0x614 - pdb path: .;C:\Program Files\java\corretto-17.0.13\bin;C:\Windows\SYSTEM32;C:\Windows\WinSxS\amd64_microsoft.windows.common-controls_6595b64144ccf1df_6.0.19041.6456_none_60b8a6cb71f64256;C:\Program Files\java\corretto-17.0.13\bin\server;C:\ProgramData\chocolatey\lib\maven\apache-maven-3.9.11\lib\jansi-native\Windows\x86_64

VM Arguments:
jvm_args: --enable-native-access=ALL-UNNAMED -Dclassworlds.conf=C:\ProgramData\chocolatey\lib\maven\apache-maven-3.9.11\bin\m2.conf -Dmaven.home=C:\ProgramData\chocolatey\lib\maven\apache-maven-3.9.11 -Dlibrary.jansi.path=C:\ProgramData\chocolatey\lib\maven\apache-maven-3.9.11\lib\jansi-native -Dmaven.multiModuleProjectDirectory=D:\Bel\projets\predykt-backend-java 
java_command: org.codehaus.plexus.classworlds.launcher.Launcher clean install
java_class_path (initial): C:\ProgramData\chocolatey\lib\maven\apache-maven-3.9.11\boot\plexus-classworlds-2.9.0.jar
Launcher Type: SUN_STANDARD

[Global flags]
     intx CICompilerCount                          = 3                                         {product} {ergonomic}
     uint ConcGCThreads                            = 1                                         {product} {ergonomic}
     uint G1ConcRefinementThreads                  = 4                                         {product} {ergonomic}
   size_t G1HeapRegionSize                         = 1048576                                   {product} {ergonomic}
    uintx GCDrainStackTargetSize                   = 64                                        {product} {ergonomic}
   size_t InitialHeapSize                          = 132120576                                 {product} {ergonomic}
   size_t MarkStackSize                            = 4194304                                   {product} {ergonomic}
   size_t MaxHeapSize                              = 2111832064                                {product} {ergonomic}
   size_t MaxNewSize                               = 1266679808                                {product} {ergonomic}
   size_t MinHeapDeltaBytes                        = 1048576                                   {product} {ergonomic}
   size_t MinHeapSize                              = 8388608                                   {product} {ergonomic}
    uintx NonNMethodCodeHeapSize                   = 5832780                                {pd product} {ergonomic}
    uintx NonProfiledCodeHeapSize                  = 122912730                              {pd product} {ergonomic}
    uintx ProfiledCodeHeapSize                     = 122912730                              {pd product} {ergonomic}
    uintx ReservedCodeCacheSize                    = 251658240                              {pd product} {ergonomic}
     bool SegmentedCodeCache                       = true                                      {product} {ergonomic}
   size_t SoftMaxHeapSize                          = 2111832064                             {manageable} {ergonomic}
     bool UseCompressedClassPointers               = true                           {product lp64_product} {ergonomic}
     bool UseCompressedOops                        = true                           {product lp64_product} {ergonomic}
     bool UseG1GC                                  = true                                      {product} {ergonomic}
     bool UseLargePagesIndividualAllocation        = false                                  {pd product} {ergonomic}

Logging:
Log output configuration:
 #0: stdout all=warning uptime,level,tags
 #1: stderr all=off uptime,level,tags

Environment Variables:
PATH=C:\Program Files\Common Files\Oracle\Java\javapath;C:\Windows\system32;C:\Windows;C:\Windows\System32\Wbem;C:\Windows\System32\WindowsPowerShell\v1.0\;C:\Windows\System32\OpenSSH\;C:\Program Files\Git\cmd;C:\Program Files\nodejs\;D:\madlab\matlab installee app\runtime\win64;D:\madlab\matlab installee app\bin;C:\Program Files\Microsoft\Web Platform Installer\;C:\Program Files (x86)\Microsoft ASP.NET\ASP.NET Web Pages\v1.0\;C:\ProgramData\chocolatey\bin;C:\Program Files\Microsoft SQL Server\150\Tools\Binn\;C:\Program Files\Microsoft SQL Server\Client SDK\ODBC\170\Tools\Binn\;C:\Program Files\dotnet\;C:\Program Files (x86)\Windows Kits\10\Windows Performance Toolkit\;C:\composer;C:\Program Files\cursor\resources\app\bin;C:\Program Files\Docker\Docker\resources\bin;C:\ProgramData\DockerDesktop\version-bin;C:\Program Files\java\corretto-17.0.13\bin;C:\Users\cruzj\AppData\Local\Microsoft\WindowsApps;C:\Users\cruzj\AppData\Local\Programs\Microsoft VS Code\bin;C:\flutter\bin;C:\Users\cruzj\AppData\Roaming\npm;C:\AndroidSDK\cmdline-tools\latest\bin;C:\ant\bin;C:\Users\cruzj\.dotnet\tools;C:\xampp\php;C:\Users\cruzj\AppData\Roaming\Composer\vendor\bin;C:\Users\cruzj\AppData\Local\Programs\Windsurf\bin;C:\ProgramData\chocolatey\lib\maven\apache-maven-3.9.11\bin;
USERNAME=cruzj
LANG=en_US.UTF-8
OS=Windows_NT
PROCESSOR_IDENTIFIER=Intel64 Family 6 Model 78 Stepping 3, GenuineIntel
TMP=C:\Users\cruzj\AppData\Local\Temp
TEMP=C:\Users\cruzj\AppData\Local\Temp



Periodic native trim disabled


---------------  S Y S T E M  ---------------

OS:
 Windows 10 , 64 bit Build 19041 (10.0.19041.5915)
OS uptime: 0 days 4:54 hours
Hyper-V role detected

CPU: total 4 (initial active 4) (2 cores per cpu, 2 threads per core) family 6 model 78 stepping 3 microcode 0xf0, cx8, cmov, fxsr, ht, mmx, 3dnowpref, sse, sse2, sse3, ssse3, sse4.1, sse4.2, popcnt, lzcnt, tsc, tscinvbit, avx, avx2, aes, erms, clmul, bmi1, bmi2, rtm, adx, fma, vzeroupper, clflush, clflushopt, hv
Processor Information for all 4 processors :
  Max Mhz: 2801, Current Mhz: 2801, Mhz Limit: 2801

Memory: 4k page, system-wide physical 8049M (284M free)
TotalPageFile size 20971M (AvailPageFile size 6M)
current process WorkingSet (physical memory assigned to process): 107M, peak: 107M
current process commit charge ("private bytes"): 235M, peak: 236M

vm_info: OpenJDK 64-Bit Server VM (17.0.13+11-LTS) for windows-amd64 JRE (17.0.13+11-LTS), built on Oct 10 2024 19:51:30 by "Administrator" with MS VC++ 16.10 / 16.11 (VS2019)

END.
